TN:
SF:src/main.ts
FN:17,withAppTimeout
FN:24,(anonymous_1)
FN:25,(anonymous_2)
FN:33,(anonymous_3)
FN:77,createWindow
FN:83,(anonymous_5)
FN:87,(anonymous_6)
FN:104,(anonymous_7)
FN:112,(anonymous_8)
FN:128,(anonymous_9)
FN:137,(anonymous_10)
FN:145,(anonymous_11)
FN:152,(anonymous_12)
FN:159,(anonymous_13)
FN:167,(anonymous_14)
FNF:15
FNH:0
FNDA:0,withAppTimeout
FNDA:0,(anonymous_1)
FNDA:0,(anonymous_2)
FNDA:0,(anonymous_3)
FNDA:0,createWindow
FNDA:0,(anonymous_5)
FNDA:0,(anonymous_6)
FNDA:0,(anonymous_7)
FNDA:0,(anonymous_8)
FNDA:0,(anonymous_9)
FNDA:0,(anonymous_10)
FNDA:0,(anonymous_11)
FNDA:0,(anonymous_12)
FNDA:0,(anonymous_13)
FNDA:0,(anonymous_14)
DA:6,0
DA:7,0
DA:8,0
DA:11,0
DA:22,0
DA:25,0
DA:26,0
DA:27,0
DA:33,0
DA:35,0
DA:36,0
DA:37,0
DA:38,0
DA:39,0
DA:43,0
DA:44,0
DA:46,0
DA:54,0
DA:58,0
DA:59,0
DA:61,0
DA:62,0
DA:63,0
DA:68,0
DA:69,0
DA:70,0
DA:72,0
DA:73,0
DA:78,0
DA:79,0
DA:82,0
DA:83,0
DA:87,0
DA:88,0
DA:92,0
DA:104,0
DA:105,0
DA:106,0
DA:108,0
DA:112,0
DA:113,0
DA:114,0
DA:115,0
DA:116,0
DA:124,0
DA:128,0
DA:129,0
DA:133,0
DA:137,0
DA:138,0
DA:139,0
DA:140,0
DA:142,0
DA:145,0
DA:149,0
DA:152,0
DA:153,0
DA:154,0
DA:156,0
DA:159,0
DA:162,0
DA:163,0
DA:167,0
DA:168,0
DA:170,0
LF:65
LH:0
BRDA:36,0,0,0
BRDA:36,0,1,0
BRDA:43,1,0,0
BRDA:43,1,1,0
BRDA:82,2,0,0
BRDA:82,2,1,0
BRDA:83,3,0,0
BRDA:83,3,1,0
BRDA:87,4,0,0
BRDA:87,4,1,0
BRDA:88,5,0,0
BRDA:88,5,1,0
BRDA:105,6,0,0
BRDA:105,6,1,0
BRDA:105,7,0,0
BRDA:105,7,1,0
BRDA:113,8,0,0
BRDA:113,8,1,0
BRDA:133,9,0,0
BRDA:133,9,1,0
BRDA:138,10,0,0
BRDA:138,10,1,0
BRDA:153,11,0,0
BRDA:153,11,1,0
BRDA:162,12,0,0
BRDA:162,12,1,0
BRDA:168,13,0,0
BRDA:168,13,1,0
BRDA:168,14,0,0
BRDA:168,14,1,0
BRF:30
BRH:0
end_of_record
TN:
SF:src/preload.ts
FN:12,(anonymous_0)
FNF:1
FNH:1
FNDA:2,(anonymous_0)
DA:7,3
DA:12,2
LF:2
LH:2
BRF:0
BRH:0
end_of_record
TN:
SF:src/server-manager.ts
FN:13,isNightlyBuild
FN:27,(anonymous_1)
FN:39,(anonymous_2)
FN:58,(anonymous_3)
FN:68,(anonymous_4)
FN:90,(anonymous_5)
FN:114,(anonymous_6)
FN:118,(anonymous_7)
FN:125,(anonymous_8)
FN:129,(anonymous_9)
FN:137,(anonymous_10)
FN:148,(anonymous_11)
FN:166,(anonymous_12)
FN:170,(anonymous_13)
FN:179,(anonymous_14)
FN:192,(anonymous_15)
FN:196,(anonymous_16)
FN:206,(anonymous_17)
FN:216,(anonymous_18)
FN:235,(anonymous_19)
FN:264,(anonymous_20)
FN:268,(anonymous_21)
FN:281,(anonymous_22)
FN:294,(anonymous_23)
FN:298,(anonymous_24)
FN:308,(anonymous_25)
FN:318,(anonymous_26)
FN:336,(anonymous_27)
FN:360,(anonymous_28)
FN:362,(anonymous_29)
FN:370,(anonymous_30)
FN:382,(anonymous_31)
FN:383,(anonymous_32)
FN:393,(anonymous_33)
FNF:34
FNH:29
FNDA:5,isNightlyBuild
FNDA:7,(anonymous_1)
FNDA:14,(anonymous_2)
FNDA:6,(anonymous_3)
FNDA:3,(anonymous_4)
FNDA:3,(anonymous_5)
FNDA:5,(anonymous_6)
FNDA:5,(anonymous_7)
FNDA:1,(anonymous_8)
FNDA:4,(anonymous_9)
FNDA:1,(anonymous_10)
FNDA:9,(anonymous_11)
FNDA:9,(anonymous_12)
FNDA:0,(anonymous_13)
FNDA:6,(anonymous_14)
FNDA:0,(anonymous_15)
FNDA:2,(anonymous_16)
FNDA:1,(anonymous_17)
FNDA:3,(anonymous_18)
FNDA:7,(anonymous_19)
FNDA:5,(anonymous_20)
FNDA:0,(anonymous_21)
FNDA:4,(anonymous_22)
FNDA:0,(anonymous_23)
FNDA:1,(anonymous_24)
FNDA:0,(anonymous_25)
FNDA:1,(anonymous_26)
FNDA:7,(anonymous_27)
FNDA:6,(anonymous_28)
FNDA:6,(anonymous_29)
FNDA:21,(anonymous_30)
FNDA:3,(anonymous_31)
FNDA:1,(anonymous_32)
FNDA:2,(anonymous_33)
DA:14,5
DA:15,5
DA:19,32
DA:20,32
DA:21,32
DA:22,32
DA:28,7
DA:29,7
DA:30,7
DA:31,7
DA:32,7
DA:40,14
DA:42,0
DA:45,14
DA:46,14
DA:47,12
DA:49,2
DA:59,6
DA:61,6
DA:62,3
DA:64,3
DA:69,3
DA:72,3
DA:73,2
DA:74,2
DA:75,1
DA:80,1
DA:81,0
DA:87,2
DA:92,3
DA:93,3
DA:94,1
DA:101,2
DA:102,2
DA:104,1
DA:107,1
DA:115,5
DA:116,5
DA:118,5
DA:119,5
DA:123,5
DA:125,5
DA:126,1
DA:129,5
DA:130,4
DA:131,3
DA:133,1
DA:137,5
DA:138,1
DA:150,9
DA:151,9
DA:153,9
DA:158,9
DA:159,1
DA:160,1
DA:162,8
DA:163,8
DA:166,9
DA:167,9
DA:168,9
DA:170,9
DA:171,0
DA:172,0
DA:173,0
DA:174,0
DA:179,9
DA:180,6
DA:181,6
DA:182,6
DA:183,6
DA:185,6
DA:186,6
DA:187,6
DA:188,6
DA:192,9
DA:193,0
DA:196,9
DA:197,2
DA:198,2
DA:199,2
DA:200,2
DA:201,2
DA:202,2
DA:206,9
DA:207,1
DA:208,1
DA:209,1
DA:210,1
DA:211,1
DA:212,1
DA:216,9
DA:217,3
DA:218,3
DA:219,3
DA:220,3
DA:223,9
DA:224,9
DA:225,9
DA:226,9
DA:237,7
DA:238,7
DA:240,7
DA:243,7
DA:244,7
DA:245,2
DA:252,5
DA:254,2
DA:255,2
DA:256,2
DA:257,2
DA:259,3
DA:260,3
DA:261,3
DA:264,5
DA:265,5
DA:266,5
DA:268,5
DA:269,0
DA:270,0
DA:271,0
DA:272,0
DA:281,5
DA:282,4
DA:283,4
DA:284,4
DA:285,4
DA:287,4
DA:288,4
DA:289,4
DA:290,4
DA:294,5
DA:295,0
DA:298,5
DA:299,1
DA:300,1
DA:301,1
DA:302,1
DA:303,1
DA:304,1
DA:308,5
DA:309,0
DA:310,0
DA:311,0
DA:312,0
DA:313,0
DA:314,0
DA:318,5
DA:319,1
DA:320,1
DA:321,1
DA:322,1
DA:325,5
DA:326,5
DA:327,5
DA:328,5
DA:337,7
DA:339,4
DA:340,1
DA:346,3
DA:347,1
DA:353,5
DA:361,6
DA:362,6
DA:372,21
DA:375,4
DA:376,1
DA:379,3
DA:380,3
DA:382,3
DA:383,3
DA:384,1
DA:385,1
DA:386,1
DA:387,1
DA:388,1
DA:389,1
DA:393,3
DA:394,2
DA:395,2
DA:396,2
DA:397,2
DA:398,2
DA:399,2
DA:402,3
DA:405,3
LF:185
LH:167
BRDA:15,0,0,5
BRDA:15,0,1,4
BRDA:15,0,2,4
BRDA:28,1,0,7
BRDA:28,1,1,0
BRDA:40,2,0,0
BRDA:40,2,1,14
BRDA:46,3,0,12
BRDA:46,3,1,2
BRDA:61,4,0,3
BRDA:61,4,1,3
BRDA:72,5,0,2
BRDA:72,5,1,1
BRDA:74,6,0,1
BRDA:74,6,1,1
BRDA:80,7,0,0
BRDA:80,7,1,1
BRDA:93,8,0,1
BRDA:93,8,1,2
BRDA:102,9,0,1
BRDA:102,9,1,1
BRDA:115,10,0,1
BRDA:115,10,1,4
BRDA:130,11,0,3
BRDA:130,11,1,1
BRDA:158,12,0,1
BRDA:158,12,1,8
BRDA:171,13,0,0
BRDA:171,13,1,0
BRDA:181,14,0,6
BRDA:181,14,1,0
BRDA:181,15,0,6
BRDA:181,15,1,6
BRDA:197,16,0,2
BRDA:197,16,1,0
BRDA:207,17,0,1
BRDA:207,17,1,0
BRDA:207,18,0,1
BRDA:207,18,1,1
BRDA:207,18,2,1
BRDA:244,19,0,2
BRDA:244,19,1,5
BRDA:252,20,0,2
BRDA:252,20,1,3
BRDA:269,21,0,0
BRDA:269,21,1,0
BRDA:283,22,0,4
BRDA:283,22,1,0
BRDA:283,23,0,4
BRDA:283,23,1,4
BRDA:299,24,0,1
BRDA:299,24,1,0
BRDA:309,25,0,0
BRDA:309,25,1,0
BRDA:309,26,0,0
BRDA:309,26,1,0
BRDA:309,26,2,0
BRDA:337,27,0,4
BRDA:337,27,1,3
BRDA:339,28,0,1
BRDA:339,28,1,3
BRDA:346,29,0,1
BRDA:346,29,1,2
BRDA:372,30,0,17
BRDA:372,30,1,4
BRDA:372,31,0,21
BRDA:372,31,1,21
BRDA:375,32,0,1
BRDA:375,32,1,3
BRDA:375,33,0,4
BRDA:375,33,1,1
BRF:71
BRH:54
end_of_record
TN:
SF:src/window-state.ts
FN:21,(anonymous_0)
FN:26,(anonymous_1)
FN:38,(anonymous_2)
FNF:3
FNH:3
FNDA:5,(anonymous_0)
FNDA:3,(anonymous_1)
FNDA:2,(anonymous_2)
DA:22,5
DA:23,5
DA:27,3
DA:28,3
DA:29,2
DA:30,2
DA:35,2
DA:39,2
DA:40,2
DA:41,2
DA:42,1
DA:44,2
DA:46,0
LF:13
LH:12
BRDA:28,0,0,2
BRDA:28,0,1,1
BRDA:41,1,0,1
BRDA:41,1,1,1
BRF:4
BRH:4
end_of_record
